<?xml version="1.0" encoding="UTF-8"?>
<!-- Generated by org.testng.reporters.JUnitReportReporter -->
<testsuite hostname="DESKTOP-C33Q231" failures="0" tests="1" name="testCases.LoginTest" time="1.608" errors="0" timestamp="2024-12-01T23:21:52 EST" skipped="0">
  <testcase classname="testCases.LoginTest" name="validateLogin" time="1.608"/>
  <system-out/>
</testsuite> <!-- testCases.LoginTest -->
