<?xml version="1.0" encoding="UTF-8"?>
<!-- Generated by org.testng.reporters.JUnitReportReporter -->
<testsuite hostname="DESKTOP-C33Q231" failures="0" tests="1" name="testCases.LoginTest" time="2.310" errors="0" timestamp="2024-09-29T13:26:21 EDT" skipped="0">
  <testcase classname="testCases.LoginTest" name="validateLogin" time="2.310"/>
  <system-out/>
</testsuite> <!-- testCases.LoginTest -->
