<?xml version="1.0" encoding="UTF-8"?>
<!-- Generated by org.testng.reporters.JUnitReportReporter -->
<testsuite hostname="DESKTOP-C33Q231" failures="0" tests="1" name="testCases.LoginTest" time="1.643" errors="0" timestamp="2024-12-06T14:10:13 EST" skipped="0">
  <testcase classname="testCases.LoginTest" name="validateLogin" time="1.643"/>
  <system-out/>
</testsuite> <!-- testCases.LoginTest -->
