<?xml version="1.0" encoding="UTF-8"?>
<!-- Generated by org.testng.reporters.JUnitReportReporter -->
<testsuite hostname="DESKTOP-C33Q231" failures="0" tests="2" name="testCases.AccountRegistrationTest" time="4.930" errors="0" timestamp="2024-10-06T20:50:35 EDT" skipped="0">
  <testcase classname="testCases.AccountRegistrationTest" name="validateAccountRegistration" time="2.250"/>
  <system-out/>
  <testcase classname="testCases.AccountRegistrationTest" name="validateAccountRegistration" time="2.680"/>
  <system-out/>
</testsuite> <!-- testCases.AccountRegistrationTest -->
