<?xml version="1.0" encoding="UTF-8"?>
<!-- Generated by org.testng.reporters.JUnitReportReporter -->
<testsuite hostname="DESKTOP-C33Q231" failures="0" tests="1" name="testCases.AccountRegistrationTest" time="2.457" errors="0" timestamp="2024-11-26T02:40:31 EST" skipped="0">
  <testcase classname="testCases.AccountRegistrationTest" name="validateAccountRegistration" time="2.457"/>
  <system-out/>
</testsuite> <!-- testCases.AccountRegistrationTest -->
