<?xml version="1.0" encoding="UTF-8"?>
<!-- Generated by org.testng.reporters.JUnitReportReporter -->
<testsuite hostname="DESKTOP-C33Q231" failures="0" tests="2" name="testCases.LoginTest" time="3.213" errors="0" timestamp="2024-10-06T20:50:35 EDT" skipped="0">
  <testcase classname="testCases.LoginTest" name="validateLogin" time="1.607"/>
  <system-out/>
  <testcase classname="testCases.LoginTest" name="validateLogin" time="1.606"/>
  <system-out/>
</testsuite> <!-- testCases.LoginTest -->
